-------------------------------------------------------------------------------
Test set: com.revature.ProduceAppTest
-------------------------------------------------------------------------------
Tests run: 1, Failures: 0, Errors: 1, Skipped: 0, Time elapsed: 12.867 s <<< FAILURE! - in com.revature.ProduceAppTest
contextLoads(com.revature.ProduceAppTest)  Time elapsed: 0.01 s  <<< ERROR!
java.lang.IllegalStateException: Failed to load ApplicationContext
Caused by: org.springframework.beans.factory.UnsatisfiedDependencyException: Error creating bean with name 'produceController': Unsatisfied dependency expressed through field 'dao'; nested exception is org.springframework.beans.factory.BeanCreationException: Error creating bean with name 'produceDao': Invocation of init method failed; nested exception is java.lang.IllegalArgumentException: Failed to create query for method public abstract com.revature.model.Produce com.revature.repository.ProduceDao.findAll(java.lang.String)! No property findAll found for type Produce!
Caused by: org.springframework.beans.factory.BeanCreationException: Error creating bean with name 'produceDao': Invocation of init method failed; nested exception is java.lang.IllegalArgumentException: Failed to create query for method public abstract com.revature.model.Produce com.revature.repository.ProduceDao.findAll(java.lang.String)! No property findAll found for type Produce!
Caused by: java.lang.IllegalArgumentException: Failed to create query for method public abstract com.revature.model.Produce com.revature.repository.ProduceDao.findAll(java.lang.String)! No property findAll found for type Produce!
Caused by: org.springframework.data.mapping.PropertyReferenceException: No property findAll found for type Produce!

